<?xml version="1.0" encoding="UTF-8"?>
<!-- Generated by org.testng.reporters.JUnitReportReporter -->
<testsuite hostname="Taruns-MBP" failures="0" tests="1" name="com.turnkey.floowdrive.testcases.Login" time="18.917" errors="0" timestamp="2020-03-19T15:13:10 IST" skipped="0">
  <testcase classname="com.turnkey.floowdrive.testcases.Login" name="Login" time="18.917"/>
</testsuite> <!-- com.turnkey.floowdrive.testcases.Login -->
