<?xml version="1.0" encoding="UTF-8"?>
<!-- Generated by org.testng.reporters.JUnitReportReporter -->
<testsuite hostname="Taruns-MBP" failures="0" tests="1" name="com.turnkey.floowdrive.testcases.Login" time="21.332" errors="0" timestamp="2020-03-19T15:04:14 IST" skipped="0">
  <testcase classname="com.turnkey.floowdrive.testcases.Login" name="login" time="21.332"/>
</testsuite> <!-- com.turnkey.floowdrive.testcases.Login -->
